<?xml version="1.0" encoding="UTF-8"?>
<testng-results ignored="0" total="0" passed="0" failed="0" skipped="0">
  <reporter-output>
  </reporter-output>
  <suite started-at="2025-06-28T12:29:49 IST" name="com.TestNg.TestNgRestAssuredwithAmazon" finished-at="2025-06-28T12:29:49 IST" duration-ms="28">
    <groups>
    </groups>
    <test started-at="2025-06-28T12:29:49 IST" name="Command line test" finished-at="2025-06-28T12:29:49 IST" duration-ms="28">
    </test> <!-- Command line test -->
  </suite> <!-- com.TestNg.TestNgRestAssuredwithAmazon -->
</testng-results>
